Using pre-set license
Built from '2020.3/china_unity/release' branch; Version is '2020.3.16f1c1 (52703c1271a5) revision 5402684'; Using compiler version '192528614'; Build Type 'Release'
OS: 'Windows 10 Pro; OS build 19043.1165; Version 2009; 64bit' Language: 'zh' Physical Memory: 8101 MB
BatchMode: 1, IsHumanControllingUs: 0, StartBugReporterOnCrash: 0, Is64bit: 1, IsPro: 0

 COMMAND LINE ARGUMENTS:
D:\UnityEditor\2020.3.16f1c1\Editor\Unity.exe
-adb2
-batchMode
-noUpm
-name
AssetImportWorker0
-projectPath
F:/Crayline Music Shower
-logFile
Logs/AssetImportWorker0.log
-srvPort
51866
Successfully changed project path to: F:/Crayline Music Shower
F:/Crayline Music Shower
Using Asset Import Pipeline V2.
AS: AutoStreaming module initializing.Refreshing native plugins compatible for Editor in 51.67 ms, found 2 plugins.
Preloading 0 native plugins for Editor in 0.00 ms.
Initialize engine version: 2020.3.16f1c1 (52703c1271a5)
[Subsystems] Discovering subsystems at path D:/UnityEditor/2020.3.16f1c1/Editor/Data/Resources/UnitySubsystems
[Subsystems] Discovering subsystems at path F:/Crayline Music Shower/Assets
GfxDevice: creating device client; threaded=0
Direct3D:
    Version:  Direct3D 11.0 [level 11.1]
    Renderer: NVIDIA GeForce MX250 (ID=0x1d52)
    Vendor:   
    VRAM:     1983 MB
    Driver:   26.21.14.3187
Initialize mono
Mono path[0] = 'D:/UnityEditor/2020.3.16f1c1/Editor/Data/Managed'
Mono path[1] = 'D:/UnityEditor/2020.3.16f1c1/Editor/Data/MonoBleedingEdge/lib/mono/unityjit'
Mono config path = 'D:/UnityEditor/2020.3.16f1c1/Editor/Data/MonoBleedingEdge/etc'
Using monoOptions --debugger-agent=transport=dt_socket,embedding=1,server=y,suspend=n,address=127.0.0.1:56136
Begin MonoManager ReloadAssembly
Registering precompiled unity dll's ...
Register platform support module: D:/UnityEditor/2020.3.16f1c1/Editor/Data/PlaybackEngines/MacStandaloneSupport/UnityEditor.OSXStandalone.Extensions.dll
Register platform support module: D:/UnityEditor/2020.3.16f1c1/Editor/Data/PlaybackEngines/WindowsStandaloneSupport/UnityEditor.WindowsStandalone.Extensions.dll
Register platform support module: D:/UnityEditor/2020.3.16f1c1/Editor/Data/PlaybackEngines/LinuxStandaloneSupport/UnityEditor.LinuxStandalone.Extensions.dll
Registered in 0.002853 seconds.
Native extension for LinuxStandalone target not found
Native extension for WindowsStandalone target not found
Native extension for OSXStandalone target not found
Refreshing native plugins compatible for Editor in 79.30 ms, found 2 plugins.
Preloading 0 native plugins for Editor in 0.00 ms.
Mono: successfully reloaded assembly
- Completed reload, in  7.096 seconds
Domain Reload Profiling:
	ReloadAssembly (7096ms)
		BeginReloadAssembly (92ms)
			ExecutionOrderSort (0ms)
			DisableScriptedObjects (0ms)
			BackupInstance (0ms)
			ReleaseScriptingObjects (0ms)
			CreateAndSetChildDomain (1ms)
		EndReloadAssembly (904ms)
			LoadAssemblies (91ms)
			RebuildTransferFunctionScriptingTraits (0ms)
			SetupTypeCache (311ms)
			ReleaseScriptCaches (0ms)
			RebuildScriptCaches (114ms)
			SetupLoadedEditorAssemblies (348ms)
				LogAssemblyErrors (0ms)
				InitializePlatformSupportModulesInManaged (20ms)
				SetLoadedEditorAssemblies (1ms)
				RefreshPlugins (79ms)
				BeforeProcessingInitializeOnLoad (46ms)
				ProcessInitializeOnLoadAttributes (152ms)
				ProcessInitializeOnLoadMethodAttributes (49ms)
				AfterProcessingInitializeOnLoad (0ms)
				EditorAssembliesLoaded (0ms)
			ExecutionOrderSort2 (0ms)
			AwakeInstancesAfterBackupRestoration (0ms)
Platform modules already initialized, skipping
Registering precompiled user dll's ...
Registered in 0.009731 seconds.
Begin MonoManager ReloadAssembly
Native extension for LinuxStandalone target not found
Native extension for WindowsStandalone target not found
Native extension for OSXStandalone target not found
Refreshing native plugins compatible for Editor in 0.72 ms, found 2 plugins.
Preloading 0 native plugins for Editor in 0.00 ms.
Mono: successfully reloaded assembly
- Completed reload, in  3.381 seconds
Domain Reload Profiling:
	ReloadAssembly (3384ms)
		BeginReloadAssembly (495ms)
			ExecutionOrderSort (0ms)
			DisableScriptedObjects (18ms)
			BackupInstance (0ms)
			ReleaseScriptingObjects (1ms)
			CreateAndSetChildDomain (69ms)
		EndReloadAssembly (2697ms)
			LoadAssemblies (291ms)
			RebuildTransferFunctionScriptingTraits (0ms)
			SetupTypeCache (957ms)
			ReleaseScriptCaches (1ms)
			RebuildScriptCaches (137ms)
			SetupLoadedEditorAssemblies (1068ms)
				LogAssemblyErrors (0ms)
				InitializePlatformSupportModulesInManaged (20ms)
				SetLoadedEditorAssemblies (1ms)
				RefreshPlugins (1ms)
				BeforeProcessingInitializeOnLoad (216ms)
				ProcessInitializeOnLoadAttributes (812ms)
				ProcessInitializeOnLoadMethodAttributes (12ms)
				AfterProcessingInitializeOnLoad (6ms)
				EditorAssembliesLoaded (1ms)
			ExecutionOrderSort2 (0ms)
			AwakeInstancesAfterBackupRestoration (17ms)
Platform modules already initialized, skipping
========================================================================
Worker process is ready to serve import requests
Launched and connected shader compiler UnityShaderCompiler.exe after 0.16 seconds
Refreshing native plugins compatible for Editor in 0.87 ms, found 2 plugins.
Preloading 0 native plugins for Editor in 0.00 ms.
Unloading 1401 Unused Serialized files (Serialized files now loaded: 0)
System memory in use before: 65.0 MB.
System memory in use after: 65.1 MB.

Unloading 18 unused Assets to reduce memory usage. Loaded Objects now: 1835.
Total: 8.870200 ms (FindLiveObjects: 0.430700 ms CreateObjectMapping: 0.166100 ms MarkObjects: 8.026100 ms  DeleteObjects: 0.244100 ms)

AssetImportParameters requested are different than current active one (requested -> active):
  custom:framework-win-MediaFoundation: 216162199b28c13a410421893ffa2e32 -> 
  custom:video-decoder-ogg-theora: a1e56fd34408186e4bbccfd4996cb3dc -> 
  custom:container-muxer-webm: aa71ff27fc2769a1b78a27578f13a17b -> 
  custom:container-demuxer-webm: 4f35f7cbe854078d1ac9338744f61a02 -> 
  custom:container-demuxer-ogg: 62fdf1f143b41e24485cea50d1cbac27 -> 
  custom:video-encoder-webm-vp8: eb34c28f22e8b96e1ab97ce403110664 -> 
  custom:video-decoder-webm-vp8: 9c59270c3fd7afecdb556c50c9e8de78 -> 
  custom:audio-decoder-ogg-vorbis: bf7c407c2cedff20999df2af8eb42d56 -> 
  custom:audio-encoder-webm-vorbis: bf7c407c2cedff20999df2af8eb42d56 -> 
========================================================================
Received Import Request.
  path: Assets/AudioVisible
  artifactKey: Guid(44176e649919f374cb75316cc937ee14) Importer(815301076,1909f56bfc062723c751e8b465ee728b)
Start importing Assets/AudioVisible using Guid(44176e649919f374cb75316cc937ee14) Importer(815301076,1909f56bfc062723c751e8b465ee728b)  -> (artifact id: 'd3d59e6901dd279db5ee13acc7c4d92a') in 0.017166 seconds 
  Import took 0.021150 seconds .

========================================================================
Received Import Request.
  Time since last request: 141.658859 seconds.
  path: Assets/AudioVisible/AudioVisable/Scripts/AudioVisable.cs
  artifactKey: Guid(9d5c32f766af5864c8bf9ce05b3cd948) Importer(815301076,1909f56bfc062723c751e8b465ee728b)
Start importing Assets/AudioVisible/AudioVisable/Scripts/AudioVisable.cs using Guid(9d5c32f766af5864c8bf9ce05b3cd948) Importer(815301076,1909f56bfc062723c751e8b465ee728b)  -> (artifact id: 'affa130174cc1f58d89ca56e71657123') in 0.204699 seconds 
  Import took 0.222636 seconds .

========================================================================
Received Import Request.
  Time since last request: 2.048791 seconds.
  path: Assets/AudioVisible 2D
  artifactKey: Guid(145291c1c836ac340be2e1206a18fdc6) Importer(815301076,1909f56bfc062723c751e8b465ee728b)
Start importing Assets/AudioVisible 2D using Guid(145291c1c836ac340be2e1206a18fdc6) Importer(815301076,1909f56bfc062723c751e8b465ee728b)  -> (artifact id: 'eadc820e9ad12f2ccfa487c0875ac917') in 0.025571 seconds 
  Import took 0.031699 seconds .

========================================================================
Received Import Request.
  Time since last request: 0.009210 seconds.
  path: Assets/AudioVisible 2D
  artifactKey: Guid(145291c1c836ac340be2e1206a18fdc6) Importer(815301076,1909f56bfc062723c751e8b465ee728b)
Start importing Assets/AudioVisible 2D using Guid(145291c1c836ac340be2e1206a18fdc6) Importer(815301076,1909f56bfc062723c751e8b465ee728b)  -> (artifact id: 'eadc820e9ad12f2ccfa487c0875ac917') in 0.010900 seconds 
  Import took 0.017713 seconds .

========================================================================
Received Import Request.
  Time since last request: 2.065319 seconds.
  path: Assets/AudioVisible 2D/AudioVisable.cs
  artifactKey: Guid(22afd0ebf3e3fb646850e97056ff9e88) Importer(815301076,1909f56bfc062723c751e8b465ee728b)
Start importing Assets/AudioVisible 2D/AudioVisable.cs using Guid(22afd0ebf3e3fb646850e97056ff9e88) Importer(815301076,1909f56bfc062723c751e8b465ee728b)  -> (artifact id: '08d738a269114b458b98ee27428ca38c') in 0.009388 seconds 
  Import took 0.016699 seconds .

========================================================================
Received Import Request.
  Time since last request: 3.712386 seconds.
  path: Assets/Scenes
  artifactKey: Guid(cf7c6aeeb4aa77846a69c38a8275414d) Importer(815301076,1909f56bfc062723c751e8b465ee728b)
Start importing Assets/Scenes using Guid(cf7c6aeeb4aa77846a69c38a8275414d) Importer(815301076,1909f56bfc062723c751e8b465ee728b)  -> (artifact id: '051d4485c08844535cc7e6bfff440641') in 0.020159 seconds 
  Import took 0.028037 seconds .

========================================================================
Received Import Request.
  Time since last request: 2.367564 seconds.
  path: Assets/AudioVisible 2D/AudioVisable 2D.cs
  artifactKey: Guid(605772750baac8f43b4682eabf1d67f6) Importer(815301076,1909f56bfc062723c751e8b465ee728b)
Start importing Assets/AudioVisible 2D/AudioVisable 2D.cs using Guid(605772750baac8f43b4682eabf1d67f6) Importer(815301076,1909f56bfc062723c751e8b465ee728b)  -> (artifact id: '36ae001c7bb65620edc1ea53fa3ce046') in 0.022862 seconds 
  Import took 0.035955 seconds .

========================================================================
Received Import Request.
  Time since last request: 14.123932 seconds.
  path: Assets/AudioVisible 2D/AudioVisable 2D.cs
  artifactKey: Guid(605772750baac8f43b4682eabf1d67f6) Importer(815301076,1909f56bfc062723c751e8b465ee728b)
Start importing Assets/AudioVisible 2D/AudioVisable 2D.cs using Guid(605772750baac8f43b4682eabf1d67f6) Importer(815301076,1909f56bfc062723c751e8b465ee728b)  -> (artifact id: 'fcf846e400f11b23e9960af215a96a8b') in 0.005567 seconds 
  Import took 0.011006 seconds .

========================================================================
Received Import Request.
  Time since last request: 0.821850 seconds.
  path: Assets/AudioVisible 2D/AudioVisable 2D.cs
  artifactKey: Guid(605772750baac8f43b4682eabf1d67f6) Importer(815301076,1909f56bfc062723c751e8b465ee728b)
Start importing Assets/AudioVisible 2D/AudioVisable 2D.cs using Guid(605772750baac8f43b4682eabf1d67f6) Importer(815301076,1909f56bfc062723c751e8b465ee728b)  -> (artifact id: 'aa69b0535bcbeb5222717ae7baa5cee9') in 0.018702 seconds 
  Import took 0.027643 seconds .

========================================================================
Received Import Request.
  Time since last request: 1.146640 seconds.
  path: Assets/AudioVisible 2D/AudioVisable 2D.cs
  artifactKey: Guid(605772750baac8f43b4682eabf1d67f6) Importer(815301076,1909f56bfc062723c751e8b465ee728b)
Start importing Assets/AudioVisible 2D/AudioVisable 2D.cs using Guid(605772750baac8f43b4682eabf1d67f6) Importer(815301076,1909f56bfc062723c751e8b465ee728b)  -> (artifact id: 'fd80482d08877ca9676f8725280e76a6') in 0.022944 seconds 
  Import took 0.044072 seconds .

========================================================================
Received Prepare
Registering precompiled user dll's ...
Registered in 0.014757 seconds.
Begin MonoManager ReloadAssembly
Native extension for LinuxStandalone target not found
Native extension for WindowsStandalone target not found
Native extension for OSXStandalone target not found
Refreshing native plugins compatible for Editor in 0.75 ms, found 2 plugins.
Preloading 0 native plugins for Editor in 0.00 ms.
Mono: successfully reloaded assembly
- Completed reload, in  2.183 seconds
Domain Reload Profiling:
	ReloadAssembly (2183ms)
		BeginReloadAssembly (238ms)
			ExecutionOrderSort (0ms)
			DisableScriptedObjects (9ms)
			BackupInstance (0ms)
			ReleaseScriptingObjects (0ms)
			CreateAndSetChildDomain (67ms)
		EndReloadAssembly (1805ms)
			LoadAssemblies (215ms)
			RebuildTransferFunctionScriptingTraits (0ms)
			SetupTypeCache (626ms)
			ReleaseScriptCaches (1ms)
			RebuildScriptCaches (77ms)
			SetupLoadedEditorAssemblies (708ms)
				LogAssemblyErrors (0ms)
				InitializePlatformSupportModulesInManaged (13ms)
				SetLoadedEditorAssemblies (1ms)
				RefreshPlugins (1ms)
				BeforeProcessingInitializeOnLoad (147ms)
				ProcessInitializeOnLoadAttributes (534ms)
				ProcessInitializeOnLoadMethodAttributes (6ms)
				AfterProcessingInitializeOnLoad (4ms)
				EditorAssembliesLoaded (0ms)
			ExecutionOrderSort2 (0ms)
			AwakeInstancesAfterBackupRestoration (13ms)
Platform modules already initialized, skipping
Refreshing native plugins compatible for Editor in 0.53 ms, found 2 plugins.
Preloading 0 native plugins for Editor in 0.00 ms.
Unloading 1397 Unused Serialized files (Serialized files now loaded: 0)
System memory in use before: 64.9 MB.
System memory in use after: 65.0 MB.

Unloading 13 unused Assets to reduce memory usage. Loaded Objects now: 1839.
Total: 5.149600 ms (FindLiveObjects: 0.257600 ms CreateObjectMapping: 0.079900 ms MarkObjects: 4.764000 ms  DeleteObjects: 0.045800 ms)

AssetImportParameters requested are different than current active one (requested -> active):
  custom:framework-win-MediaFoundation: 216162199b28c13a410421893ffa2e32 -> 
  custom:video-decoder-ogg-theora: a1e56fd34408186e4bbccfd4996cb3dc -> 
  custom:container-muxer-webm: aa71ff27fc2769a1b78a27578f13a17b -> 
  custom:container-demuxer-webm: 4f35f7cbe854078d1ac9338744f61a02 -> 
  custom:container-demuxer-ogg: 62fdf1f143b41e24485cea50d1cbac27 -> 
  custom:video-encoder-webm-vp8: eb34c28f22e8b96e1ab97ce403110664 -> 
  custom:video-decoder-webm-vp8: 9c59270c3fd7afecdb556c50c9e8de78 -> 
  custom:audio-decoder-ogg-vorbis: bf7c407c2cedff20999df2af8eb42d56 -> 
  custom:audio-encoder-webm-vorbis: bf7c407c2cedff20999df2af8eb42d56 -> 
========================================================================
Received Import Request.
  Time since last request: 14.492281 seconds.
  path: Assets/AudioVisible 2D/AudioVisable2D.cs
  artifactKey: Guid(605772750baac8f43b4682eabf1d67f6) Importer(815301076,1909f56bfc062723c751e8b465ee728b)
Start importing Assets/AudioVisible 2D/AudioVisable2D.cs using Guid(605772750baac8f43b4682eabf1d67f6) Importer(815301076,1909f56bfc062723c751e8b465ee728b)  -> (artifact id: '1229594b148b9d6685d0eeacf6b5e644') in 0.022495 seconds 
  Import took 0.027539 seconds .

========================================================================
Received Prepare
Registering precompiled user dll's ...
Registered in 0.008723 seconds.
Begin MonoManager ReloadAssembly
Native extension for LinuxStandalone target not found
Native extension for WindowsStandalone target not found
Native extension for OSXStandalone target not found
Refreshing native plugins compatible for Editor in 0.56 ms, found 2 plugins.
Preloading 0 native plugins for Editor in 0.00 ms.
Mono: successfully reloaded assembly
- Completed reload, in  2.322 seconds
Domain Reload Profiling:
	ReloadAssembly (2323ms)
		BeginReloadAssembly (227ms)
			ExecutionOrderSort (0ms)
			DisableScriptedObjects (9ms)
			BackupInstance (0ms)
			ReleaseScriptingObjects (0ms)
			CreateAndSetChildDomain (70ms)
		EndReloadAssembly (1966ms)
			LoadAssemblies (202ms)
			RebuildTransferFunctionScriptingTraits (0ms)
			SetupTypeCache (703ms)
			ReleaseScriptCaches (1ms)
			RebuildScriptCaches (82ms)
			SetupLoadedEditorAssemblies (773ms)
				LogAssemblyErrors (0ms)
				InitializePlatformSupportModulesInManaged (16ms)
				SetLoadedEditorAssemblies (1ms)
				RefreshPlugins (1ms)
				BeforeProcessingInitializeOnLoad (166ms)
				ProcessInitializeOnLoadAttributes (577ms)
				ProcessInitializeOnLoadMethodAttributes (7ms)
				AfterProcessingInitializeOnLoad (5ms)
				EditorAssembliesLoaded (0ms)
			ExecutionOrderSort2 (0ms)
			AwakeInstancesAfterBackupRestoration (14ms)
Platform modules already initialized, skipping
Refreshing native plugins compatible for Editor in 0.58 ms, found 2 plugins.
Preloading 0 native plugins for Editor in 0.00 ms.
Unloading 1397 Unused Serialized files (Serialized files now loaded: 0)
System memory in use before: 65.0 MB.
System memory in use after: 65.1 MB.

Unloading 13 unused Assets to reduce memory usage. Loaded Objects now: 1841.
Total: 5.789200 ms (FindLiveObjects: 0.213500 ms CreateObjectMapping: 0.069100 ms MarkObjects: 5.471000 ms  DeleteObjects: 0.033100 ms)

AssetImportParameters requested are different than current active one (requested -> active):
  custom:framework-win-MediaFoundation: 216162199b28c13a410421893ffa2e32 -> 
  custom:video-decoder-ogg-theora: a1e56fd34408186e4bbccfd4996cb3dc -> 
  custom:container-muxer-webm: aa71ff27fc2769a1b78a27578f13a17b -> 
  custom:container-demuxer-webm: 4f35f7cbe854078d1ac9338744f61a02 -> 
  custom:container-demuxer-ogg: 62fdf1f143b41e24485cea50d1cbac27 -> 
  custom:video-encoder-webm-vp8: eb34c28f22e8b96e1ab97ce403110664 -> 
  custom:video-decoder-webm-vp8: 9c59270c3fd7afecdb556c50c9e8de78 -> 
  custom:audio-decoder-ogg-vorbis: bf7c407c2cedff20999df2af8eb42d56 -> 
  custom:audio-encoder-webm-vorbis: bf7c407c2cedff20999df2af8eb42d56 -> 
========================================================================
Received Import Request.
  Time since last request: 57.988867 seconds.
  path: Assets/AudioVisible 2D/光之音猫-Official - 沙漠 The Desert.mp3
  artifactKey: Guid(add1b41da2832534b98b947e281aebeb) Importer(815301076,1909f56bfc062723c751e8b465ee728b)
Start importing Assets/AudioVisible 2D/光之音猫-Official - 沙漠 The Desert.mp3 using Guid(add1b41da2832534b98b947e281aebeb) Importer(815301076,1909f56bfc062723c751e8b465ee728b)  -> (artifact id: '2339b6d872061139f2c8b0754e54b353') in 0.490014 seconds 
  Import took 0.501807 seconds .

========================================================================
Received Import Request.
  Time since last request: 107.942078 seconds.
  path: Assets/AudioVisible 2D/AudioTimeTest.cs
  artifactKey: Guid(9d712223f75e9834f825a0ce9911729c) Importer(815301076,1909f56bfc062723c751e8b465ee728b)
Start importing Assets/AudioVisible 2D/AudioTimeTest.cs using Guid(9d712223f75e9834f825a0ce9911729c) Importer(815301076,1909f56bfc062723c751e8b465ee728b)  -> (artifact id: 'c7033405906af19c0a3204ae385ee02e') in 0.010006 seconds 
  Import took 0.014621 seconds .

========================================================================
Received Prepare
Registering precompiled user dll's ...
Registered in 0.011437 seconds.
Begin MonoManager ReloadAssembly
Native extension for LinuxStandalone target not found
Native extension for WindowsStandalone target not found
Native extension for OSXStandalone target not found
Refreshing native plugins compatible for Editor in 0.49 ms, found 2 plugins.
Preloading 0 native plugins for Editor in 0.00 ms.
Mono: successfully reloaded assembly
- Completed reload, in  2.086 seconds
Domain Reload Profiling:
	ReloadAssembly (2087ms)
		BeginReloadAssembly (215ms)
			ExecutionOrderSort (0ms)
			DisableScriptedObjects (9ms)
			BackupInstance (0ms)
			ReleaseScriptingObjects (0ms)
			CreateAndSetChildDomain (66ms)
		EndReloadAssembly (1744ms)
			LoadAssemblies (201ms)
			RebuildTransferFunctionScriptingTraits (0ms)
			SetupTypeCache (500ms)
			ReleaseScriptCaches (1ms)
			RebuildScriptCaches (74ms)
			SetupLoadedEditorAssemblies (761ms)
				LogAssemblyErrors (0ms)
				InitializePlatformSupportModulesInManaged (12ms)
				SetLoadedEditorAssemblies (1ms)
				RefreshPlugins (1ms)
				BeforeProcessingInitializeOnLoad (118ms)
				ProcessInitializeOnLoadAttributes (615ms)
				ProcessInitializeOnLoadMethodAttributes (7ms)
				AfterProcessingInitializeOnLoad (7ms)
				EditorAssembliesLoaded (1ms)
			ExecutionOrderSort2 (0ms)
			AwakeInstancesAfterBackupRestoration (19ms)
Platform modules already initialized, skipping
Refreshing native plugins compatible for Editor in 0.68 ms, found 2 plugins.
Preloading 0 native plugins for Editor in 0.00 ms.
Unloading 1397 Unused Serialized files (Serialized files now loaded: 0)
System memory in use before: 68.1 MB.
System memory in use after: 68.2 MB.

Unloading 13 unused Assets to reduce memory usage. Loaded Objects now: 1852.
Total: 4.070000 ms (FindLiveObjects: 0.176100 ms CreateObjectMapping: 0.059700 ms MarkObjects: 3.809100 ms  DeleteObjects: 0.023700 ms)

AssetImportParameters requested are different than current active one (requested -> active):
  custom:framework-win-MediaFoundation: 216162199b28c13a410421893ffa2e32 -> 
  custom:video-decoder-ogg-theora: a1e56fd34408186e4bbccfd4996cb3dc -> 
  custom:container-muxer-webm: aa71ff27fc2769a1b78a27578f13a17b -> 
  custom:container-demuxer-webm: 4f35f7cbe854078d1ac9338744f61a02 -> 
  custom:container-demuxer-ogg: 62fdf1f143b41e24485cea50d1cbac27 -> 
  custom:video-encoder-webm-vp8: eb34c28f22e8b96e1ab97ce403110664 -> 
  custom:video-decoder-webm-vp8: 9c59270c3fd7afecdb556c50c9e8de78 -> 
  custom:audio-decoder-ogg-vorbis: bf7c407c2cedff20999df2af8eb42d56 -> 
  custom:audio-encoder-webm-vorbis: bf7c407c2cedff20999df2af8eb42d56 -> 
========================================================================
Received Import Request.
  Time since last request: 14.850965 seconds.
  path: Assets/AudioVisible 2D/AudioVisable2D.cs
  artifactKey: Guid(605772750baac8f43b4682eabf1d67f6) Importer(815301076,1909f56bfc062723c751e8b465ee728b)
Start importing Assets/AudioVisible 2D/AudioVisable2D.cs using Guid(605772750baac8f43b4682eabf1d67f6) Importer(815301076,1909f56bfc062723c751e8b465ee728b)  -> (artifact id: '4846460bbcc047f9d0c19d5bc6f182db') in 0.010673 seconds 
  Import took 0.021373 seconds .

========================================================================
Received Import Request.
  Time since last request: 5.238792 seconds.
  path: Assets/AudioVisible 2D/AudioVisable2D.cs
  artifactKey: Guid(605772750baac8f43b4682eabf1d67f6) Importer(815301076,1909f56bfc062723c751e8b465ee728b)
Start importing Assets/AudioVisible 2D/AudioVisable2D.cs using Guid(605772750baac8f43b4682eabf1d67f6) Importer(815301076,1909f56bfc062723c751e8b465ee728b)  -> (artifact id: 'f8165935f6f6997a09f352c73b9b7a12') in 0.013396 seconds 
  Import took 0.048868 seconds .

========================================================================
Received Import Request.
  Time since last request: 5.415827 seconds.
  path: Assets/AudioVisible 2D/AudioVisable2D.cs
  artifactKey: Guid(605772750baac8f43b4682eabf1d67f6) Importer(815301076,1909f56bfc062723c751e8b465ee728b)
Start importing Assets/AudioVisible 2D/AudioVisable2D.cs using Guid(605772750baac8f43b4682eabf1d67f6) Importer(815301076,1909f56bfc062723c751e8b465ee728b)  -> (artifact id: '5d703841950b48190ca9fa2418dfff52') in 0.003239 seconds 
  Import took 0.008631 seconds .

========================================================================
Received Prepare
Registering precompiled user dll's ...
Registered in 0.011168 seconds.
Begin MonoManager ReloadAssembly
Native extension for LinuxStandalone target not found
Native extension for WindowsStandalone target not found
Native extension for OSXStandalone target not found
Refreshing native plugins compatible for Editor in 1.34 ms, found 2 plugins.
Preloading 0 native plugins for Editor in 0.00 ms.
Mono: successfully reloaded assembly
- Completed reload, in  2.216 seconds
Domain Reload Profiling:
	ReloadAssembly (2216ms)
		BeginReloadAssembly (193ms)
			ExecutionOrderSort (0ms)
			DisableScriptedObjects (9ms)
			BackupInstance (0ms)
			ReleaseScriptingObjects (0ms)
			CreateAndSetChildDomain (52ms)
		EndReloadAssembly (1893ms)
			LoadAssemblies (178ms)
			RebuildTransferFunctionScriptingTraits (0ms)
			SetupTypeCache (694ms)
			ReleaseScriptCaches (1ms)
			RebuildScriptCaches (87ms)
			SetupLoadedEditorAssemblies (745ms)
				LogAssemblyErrors (0ms)
				InitializePlatformSupportModulesInManaged (13ms)
				SetLoadedEditorAssemblies (1ms)
				RefreshPlugins (2ms)
				BeforeProcessingInitializeOnLoad (145ms)
				ProcessInitializeOnLoadAttributes (572ms)
				ProcessInitializeOnLoadMethodAttributes (7ms)
				AfterProcessingInitializeOnLoad (5ms)
				EditorAssembliesLoaded (0ms)
			ExecutionOrderSort2 (0ms)
			AwakeInstancesAfterBackupRestoration (12ms)
Platform modules already initialized, skipping
Refreshing native plugins compatible for Editor in 0.45 ms, found 2 plugins.
Preloading 0 native plugins for Editor in 0.00 ms.
Unloading 1397 Unused Serialized files (Serialized files now loaded: 0)
System memory in use before: 68.1 MB.
System memory in use after: 68.2 MB.

Unloading 13 unused Assets to reduce memory usage. Loaded Objects now: 1854.
Total: 3.772400 ms (FindLiveObjects: 0.182900 ms CreateObjectMapping: 0.061800 ms MarkObjects: 3.502900 ms  DeleteObjects: 0.023400 ms)

AssetImportParameters requested are different than current active one (requested -> active):
  custom:framework-win-MediaFoundation: 216162199b28c13a410421893ffa2e32 -> 
  custom:video-decoder-ogg-theora: a1e56fd34408186e4bbccfd4996cb3dc -> 
  custom:container-muxer-webm: aa71ff27fc2769a1b78a27578f13a17b -> 
  custom:container-demuxer-webm: 4f35f7cbe854078d1ac9338744f61a02 -> 
  custom:container-demuxer-ogg: 62fdf1f143b41e24485cea50d1cbac27 -> 
  custom:video-encoder-webm-vp8: eb34c28f22e8b96e1ab97ce403110664 -> 
  custom:video-decoder-webm-vp8: 9c59270c3fd7afecdb556c50c9e8de78 -> 
  custom:audio-decoder-ogg-vorbis: bf7c407c2cedff20999df2af8eb42d56 -> 
  custom:audio-encoder-webm-vorbis: bf7c407c2cedff20999df2af8eb42d56 -> 
========================================================================
Received Prepare
Registering precompiled user dll's ...
Registered in 0.014072 seconds.
Begin MonoManager ReloadAssembly
Native extension for LinuxStandalone target not found
Native extension for WindowsStandalone target not found
Native extension for OSXStandalone target not found
Refreshing native plugins compatible for Editor in 0.76 ms, found 2 plugins.
Preloading 0 native plugins for Editor in 0.00 ms.
Mono: successfully reloaded assembly
- Completed reload, in  3.288 seconds
Domain Reload Profiling:
	ReloadAssembly (3289ms)
		BeginReloadAssembly (473ms)
			ExecutionOrderSort (0ms)
			DisableScriptedObjects (54ms)
			BackupInstance (0ms)
			ReleaseScriptingObjects (0ms)
			CreateAndSetChildDomain (140ms)
		EndReloadAssembly (2644ms)
			LoadAssemblies (291ms)
			RebuildTransferFunctionScriptingTraits (0ms)
			SetupTypeCache (1067ms)
			ReleaseScriptCaches (2ms)
			RebuildScriptCaches (100ms)
			SetupLoadedEditorAssemblies (846ms)
				LogAssemblyErrors (0ms)
				InitializePlatformSupportModulesInManaged (21ms)
				SetLoadedEditorAssemblies (1ms)
				RefreshPlugins (1ms)
				BeforeProcessingInitializeOnLoad (179ms)
				ProcessInitializeOnLoadAttributes (630ms)
				ProcessInitializeOnLoadMethodAttributes (7ms)
				AfterProcessingInitializeOnLoad (6ms)
				EditorAssembliesLoaded (1ms)
			ExecutionOrderSort2 (0ms)
			AwakeInstancesAfterBackupRestoration (16ms)
Platform modules already initialized, skipping
Refreshing native plugins compatible for Editor in 0.60 ms, found 2 plugins.
Preloading 0 native plugins for Editor in 0.00 ms.
Unloading 1397 Unused Serialized files (Serialized files now loaded: 0)
System memory in use before: 68.1 MB.
System memory in use after: 68.2 MB.

Unloading 13 unused Assets to reduce memory usage. Loaded Objects now: 1856.
Total: 5.844600 ms (FindLiveObjects: 0.239200 ms CreateObjectMapping: 0.085600 ms MarkObjects: 5.475300 ms  DeleteObjects: 0.041800 ms)

AssetImportParameters requested are different than current active one (requested -> active):
  custom:framework-win-MediaFoundation: 216162199b28c13a410421893ffa2e32 -> 
  custom:video-decoder-ogg-theora: a1e56fd34408186e4bbccfd4996cb3dc -> 
  custom:container-muxer-webm: aa71ff27fc2769a1b78a27578f13a17b -> 
  custom:container-demuxer-webm: 4f35f7cbe854078d1ac9338744f61a02 -> 
  custom:container-demuxer-ogg: 62fdf1f143b41e24485cea50d1cbac27 -> 
  custom:video-encoder-webm-vp8: eb34c28f22e8b96e1ab97ce403110664 -> 
  custom:video-decoder-webm-vp8: 9c59270c3fd7afecdb556c50c9e8de78 -> 
  custom:audio-decoder-ogg-vorbis: bf7c407c2cedff20999df2af8eb42d56 -> 
  custom:audio-encoder-webm-vorbis: bf7c407c2cedff20999df2af8eb42d56 -> 
========================================================================
Received Prepare
Registering precompiled user dll's ...
Registered in 0.012162 seconds.
Begin MonoManager ReloadAssembly
Native extension for LinuxStandalone target not found
Native extension for WindowsStandalone target not found
Native extension for OSXStandalone target not found
Refreshing native plugins compatible for Editor in 1.04 ms, found 2 plugins.
Preloading 0 native plugins for Editor in 0.00 ms.
Mono: successfully reloaded assembly
- Completed reload, in  2.270 seconds
Domain Reload Profiling:
	ReloadAssembly (2271ms)
		BeginReloadAssembly (257ms)
			ExecutionOrderSort (0ms)
			DisableScriptedObjects (8ms)
			BackupInstance (0ms)
			ReleaseScriptingObjects (0ms)
			CreateAndSetChildDomain (62ms)
		EndReloadAssembly (1831ms)
			LoadAssemblies (221ms)
			RebuildTransferFunctionScriptingTraits (0ms)
			SetupTypeCache (613ms)
			ReleaseScriptCaches (1ms)
			RebuildScriptCaches (106ms)
			SetupLoadedEditorAssemblies (713ms)
				LogAssemblyErrors (0ms)
				InitializePlatformSupportModulesInManaged (12ms)
				SetLoadedEditorAssemblies (1ms)
				RefreshPlugins (1ms)
				BeforeProcessingInitializeOnLoad (124ms)
				ProcessInitializeOnLoadAttributes (557ms)
				ProcessInitializeOnLoadMethodAttributes (9ms)
				AfterProcessingInitializeOnLoad (8ms)
				EditorAssembliesLoaded (0ms)
			ExecutionOrderSort2 (0ms)
			AwakeInstancesAfterBackupRestoration (19ms)
Platform modules already initialized, skipping
Refreshing native plugins compatible for Editor in 0.84 ms, found 2 plugins.
Preloading 0 native plugins for Editor in 0.00 ms.
Unloading 1397 Unused Serialized files (Serialized files now loaded: 0)
System memory in use before: 68.1 MB.
System memory in use after: 68.2 MB.

Unloading 13 unused Assets to reduce memory usage. Loaded Objects now: 1858.
Total: 6.204200 ms (FindLiveObjects: 0.243800 ms CreateObjectMapping: 0.080900 ms MarkObjects: 5.832800 ms  DeleteObjects: 0.043800 ms)

AssetImportParameters requested are different than current active one (requested -> active):
  custom:framework-win-MediaFoundation: 216162199b28c13a410421893ffa2e32 -> 
  custom:video-decoder-ogg-theora: a1e56fd34408186e4bbccfd4996cb3dc -> 
  custom:container-muxer-webm: aa71ff27fc2769a1b78a27578f13a17b -> 
  custom:container-demuxer-webm: 4f35f7cbe854078d1ac9338744f61a02 -> 
  custom:container-demuxer-ogg: 62fdf1f143b41e24485cea50d1cbac27 -> 
  custom:video-encoder-webm-vp8: eb34c28f22e8b96e1ab97ce403110664 -> 
  custom:video-decoder-webm-vp8: 9c59270c3fd7afecdb556c50c9e8de78 -> 
  custom:audio-decoder-ogg-vorbis: bf7c407c2cedff20999df2af8eb42d56 -> 
  custom:audio-encoder-webm-vorbis: bf7c407c2cedff20999df2af8eb42d56 -> 
========================================================================
Received Import Request.
  Time since last request: 131.995462 seconds.
  path: Assets/AudioVisible 2D/AudioVisable2D.cs
  artifactKey: Guid(605772750baac8f43b4682eabf1d67f6) Importer(815301076,1909f56bfc062723c751e8b465ee728b)
Start importing Assets/AudioVisible 2D/AudioVisable2D.cs using Guid(605772750baac8f43b4682eabf1d67f6) Importer(815301076,1909f56bfc062723c751e8b465ee728b)  -> (artifact id: '503f03c4b785ef54f6cc48e0c2c167a1') in 0.008253 seconds 
  Import took 0.013086 seconds .

========================================================================
Received Import Request.
  Time since last request: 0.004462 seconds.
  path: Assets/AudioVisible 2D/AudioVisable2D.cs
  artifactKey: Guid(605772750baac8f43b4682eabf1d67f6) Importer(815301076,1909f56bfc062723c751e8b465ee728b)
Start importing Assets/AudioVisible 2D/AudioVisable2D.cs using Guid(605772750baac8f43b4682eabf1d67f6) Importer(815301076,1909f56bfc062723c751e8b465ee728b)  -> (artifact id: '503f03c4b785ef54f6cc48e0c2c167a1') in 0.004179 seconds 
  Import took 0.009530 seconds .

========================================================================
Received Import Request.
  Time since last request: 5.927333 seconds.
  path: Assets/AudioVisible 2D/AudioVisable2D.cs
  artifactKey: Guid(605772750baac8f43b4682eabf1d67f6) Importer(815301076,1909f56bfc062723c751e8b465ee728b)
Start importing Assets/AudioVisible 2D/AudioVisable2D.cs using Guid(605772750baac8f43b4682eabf1d67f6) Importer(815301076,1909f56bfc062723c751e8b465ee728b)  -> (artifact id: '68c0787a7de6ddb6320f25961d8e61fe') in 0.003539 seconds 
  Import took 0.008651 seconds .

========================================================================
Received Prepare
Registering precompiled user dll's ...
Registered in 0.012096 seconds.
Begin MonoManager ReloadAssembly
Native extension for LinuxStandalone target not found
Native extension for WindowsStandalone target not found
Native extension for OSXStandalone target not found
Refreshing native plugins compatible for Editor in 0.55 ms, found 2 plugins.
Preloading 0 native plugins for Editor in 0.00 ms.
Mono: successfully reloaded assembly
- Completed reload, in  2.115 seconds
Domain Reload Profiling:
	ReloadAssembly (2115ms)
		BeginReloadAssembly (217ms)
			ExecutionOrderSort (0ms)
			DisableScriptedObjects (9ms)
			BackupInstance (0ms)
			ReleaseScriptingObjects (0ms)
			CreateAndSetChildDomain (70ms)
		EndReloadAssembly (1768ms)
			LoadAssemblies (206ms)
			RebuildTransferFunctionScriptingTraits (0ms)
			SetupTypeCache (633ms)
			ReleaseScriptCaches (1ms)
			RebuildScriptCaches (78ms)
			SetupLoadedEditorAssemblies (653ms)
				LogAssemblyErrors (0ms)
				InitializePlatformSupportModulesInManaged (13ms)
				SetLoadedEditorAssemblies (1ms)
				RefreshPlugins (1ms)
				BeforeProcessingInitializeOnLoad (124ms)
				ProcessInitializeOnLoadAttributes (503ms)
				ProcessInitializeOnLoadMethodAttributes (7ms)
				AfterProcessingInitializeOnLoad (5ms)
				EditorAssembliesLoaded (0ms)
			ExecutionOrderSort2 (0ms)
			AwakeInstancesAfterBackupRestoration (12ms)
Platform modules already initialized, skipping
Refreshing native plugins compatible for Editor in 0.61 ms, found 2 plugins.
Preloading 0 native plugins for Editor in 0.00 ms.
Unloading 1397 Unused Serialized files (Serialized files now loaded: 0)
System memory in use before: 68.1 MB.
System memory in use after: 68.2 MB.

Unloading 13 unused Assets to reduce memory usage. Loaded Objects now: 1860.
Total: 6.750600 ms (FindLiveObjects: 0.342800 ms CreateObjectMapping: 0.081400 ms MarkObjects: 6.287800 ms  DeleteObjects: 0.036200 ms)

AssetImportParameters requested are different than current active one (requested -> active):
  custom:framework-win-MediaFoundation: 216162199b28c13a410421893ffa2e32 -> 
  custom:video-decoder-ogg-theora: a1e56fd34408186e4bbccfd4996cb3dc -> 
  custom:container-muxer-webm: aa71ff27fc2769a1b78a27578f13a17b -> 
  custom:container-demuxer-webm: 4f35f7cbe854078d1ac9338744f61a02 -> 
  custom:container-demuxer-ogg: 62fdf1f143b41e24485cea50d1cbac27 -> 
  custom:video-encoder-webm-vp8: eb34c28f22e8b96e1ab97ce403110664 -> 
  custom:video-decoder-webm-vp8: 9c59270c3fd7afecdb556c50c9e8de78 -> 
  custom:audio-decoder-ogg-vorbis: bf7c407c2cedff20999df2af8eb42d56 -> 
  custom:audio-encoder-webm-vorbis: bf7c407c2cedff20999df2af8eb42d56 -> 
========================================================================
Received Import Request.
  Time since last request: 79.795806 seconds.
  path: Assets/AudioVisible/AudioVisable/Res/China-X.mp3
  artifactKey: Guid(5d1db414af7f3be4ba591db95ccf3377) Importer(815301076,1909f56bfc062723c751e8b465ee728b)
Start importing Assets/AudioVisible/AudioVisable/Res/China-X.mp3 using Guid(5d1db414af7f3be4ba591db95ccf3377) Importer(815301076,1909f56bfc062723c751e8b465ee728b)  -> (artifact id: '049e96c2997d16c679aab62a52315385') in 0.122831 seconds 
  Import took 0.129878 seconds .

========================================================================
Received Import Request.
  Time since last request: 0.015773 seconds.
  path: Assets/AudioVisible/AudioVisable/Res/China-X.mp3
  artifactKey: Guid(5d1db414af7f3be4ba591db95ccf3377) Importer(815301076,1909f56bfc062723c751e8b465ee728b)
Start importing Assets/AudioVisible/AudioVisable/Res/China-X.mp3 using Guid(5d1db414af7f3be4ba591db95ccf3377) Importer(815301076,1909f56bfc062723c751e8b465ee728b)  -> (artifact id: '049e96c2997d16c679aab62a52315385') in 0.033872 seconds 
  Import took 0.040061 seconds .

========================================================================
Received Prepare
Registering precompiled user dll's ...
Registered in 0.014682 seconds.
Begin MonoManager ReloadAssembly
Native extension for LinuxStandalone target not found
Native extension for WindowsStandalone target not found
Native extension for OSXStandalone target not found
Refreshing native plugins compatible for Editor in 0.49 ms, found 2 plugins.
Preloading 0 native plugins for Editor in 0.00 ms.
Mono: successfully reloaded assembly
- Completed reload, in  2.666 seconds
Domain Reload Profiling:
	ReloadAssembly (2667ms)
		BeginReloadAssembly (244ms)
			ExecutionOrderSort (0ms)
			DisableScriptedObjects (15ms)
			BackupInstance (0ms)
			ReleaseScriptingObjects (0ms)
			CreateAndSetChildDomain (77ms)
		EndReloadAssembly (2265ms)
			LoadAssemblies (232ms)
			RebuildTransferFunctionScriptingTraits (0ms)
			SetupTypeCache (697ms)
			ReleaseScriptCaches (1ms)
			RebuildScriptCaches (97ms)
			SetupLoadedEditorAssemblies (1002ms)
				LogAssemblyErrors (0ms)
				InitializePlatformSupportModulesInManaged (14ms)
				SetLoadedEditorAssemblies (1ms)
				RefreshPlugins (1ms)
				BeforeProcessingInitializeOnLoad (146ms)
				ProcessInitializeOnLoadAttributes (825ms)
				ProcessInitializeOnLoadMethodAttributes (9ms)
				AfterProcessingInitializeOnLoad (5ms)
				EditorAssembliesLoaded (1ms)
			ExecutionOrderSort2 (0ms)
			AwakeInstancesAfterBackupRestoration (19ms)
Platform modules already initialized, skipping
Refreshing native plugins compatible for Editor in 0.64 ms, found 2 plugins.
Preloading 0 native plugins for Editor in 0.00 ms.
Unloading 1397 Unused Serialized files (Serialized files now loaded: 0)
System memory in use before: 68.1 MB.
System memory in use after: 68.3 MB.

Unloading 13 unused Assets to reduce memory usage. Loaded Objects now: 1863.
Total: 8.884300 ms (FindLiveObjects: 0.350300 ms CreateObjectMapping: 0.114200 ms MarkObjects: 8.374100 ms  DeleteObjects: 0.042200 ms)

AssetImportParameters requested are different than current active one (requested -> active):
  custom:framework-win-MediaFoundation: 216162199b28c13a410421893ffa2e32 -> 
  custom:video-decoder-ogg-theora: a1e56fd34408186e4bbccfd4996cb3dc -> 
  custom:container-muxer-webm: aa71ff27fc2769a1b78a27578f13a17b -> 
  custom:container-demuxer-webm: 4f35f7cbe854078d1ac9338744f61a02 -> 
  custom:container-demuxer-ogg: 62fdf1f143b41e24485cea50d1cbac27 -> 
  custom:video-encoder-webm-vp8: eb34c28f22e8b96e1ab97ce403110664 -> 
  custom:video-decoder-webm-vp8: 9c59270c3fd7afecdb556c50c9e8de78 -> 
  custom:audio-decoder-ogg-vorbis: bf7c407c2cedff20999df2af8eb42d56 -> 
  custom:audio-encoder-webm-vorbis: bf7c407c2cedff20999df2af8eb42d56 -> 
========================================================================
Received Prepare
Registering precompiled user dll's ...
Registered in 0.009850 seconds.
Begin MonoManager ReloadAssembly
Native extension for LinuxStandalone target not found
Native extension for WindowsStandalone target not found
Native extension for OSXStandalone target not found
Refreshing native plugins compatible for Editor in 0.50 ms, found 2 plugins.
Preloading 0 native plugins for Editor in 0.00 ms.
Mono: successfully reloaded assembly
- Completed reload, in  1.828 seconds
Domain Reload Profiling:
	ReloadAssembly (1828ms)
		BeginReloadAssembly (174ms)
			ExecutionOrderSort (0ms)
			DisableScriptedObjects (9ms)
			BackupInstance (0ms)
			ReleaseScriptingObjects (0ms)
			CreateAndSetChildDomain (56ms)
		EndReloadAssembly (1556ms)
			LoadAssemblies (167ms)
			RebuildTransferFunctionScriptingTraits (0ms)
			SetupTypeCache (521ms)
			ReleaseScriptCaches (1ms)
			RebuildScriptCaches (70ms)
			SetupLoadedEditorAssemblies (618ms)
				LogAssemblyErrors (0ms)
				InitializePlatformSupportModulesInManaged (11ms)
				SetLoadedEditorAssemblies (1ms)
				RefreshPlugins (1ms)
				BeforeProcessingInitializeOnLoad (115ms)
				ProcessInitializeOnLoadAttributes (479ms)
				ProcessInitializeOnLoadMethodAttributes (6ms)
				AfterProcessingInitializeOnLoad (4ms)
				EditorAssembliesLoaded (0ms)
			ExecutionOrderSort2 (0ms)
			AwakeInstancesAfterBackupRestoration (12ms)
Platform modules already initialized, skipping
Refreshing native plugins compatible for Editor in 0.52 ms, found 2 plugins.
Preloading 0 native plugins for Editor in 0.00 ms.
Unloading 1397 Unused Serialized files (Serialized files now loaded: 0)
System memory in use before: 68.2 MB.
System memory in use after: 68.3 MB.

Unloading 13 unused Assets to reduce memory usage. Loaded Objects now: 1865.
Total: 4.142600 ms (FindLiveObjects: 0.186900 ms CreateObjectMapping: 0.064600 ms MarkObjects: 3.864800 ms  DeleteObjects: 0.024900 ms)

AssetImportParameters requested are different than current active one (requested -> active):
  custom:framework-win-MediaFoundation: 216162199b28c13a410421893ffa2e32 -> 
  custom:video-decoder-ogg-theora: a1e56fd34408186e4bbccfd4996cb3dc -> 
  custom:container-muxer-webm: aa71ff27fc2769a1b78a27578f13a17b -> 
  custom:container-demuxer-webm: 4f35f7cbe854078d1ac9338744f61a02 -> 
  custom:container-demuxer-ogg: 62fdf1f143b41e24485cea50d1cbac27 -> 
  custom:video-encoder-webm-vp8: eb34c28f22e8b96e1ab97ce403110664 -> 
  custom:video-decoder-webm-vp8: 9c59270c3fd7afecdb556c50c9e8de78 -> 
  custom:audio-decoder-ogg-vorbis: bf7c407c2cedff20999df2af8eb42d56 -> 
  custom:audio-encoder-webm-vorbis: bf7c407c2cedff20999df2af8eb42d56 -> 
========================================================================
Received Prepare
Registering precompiled user dll's ...
Registered in 0.008471 seconds.
Begin MonoManager ReloadAssembly
Native extension for LinuxStandalone target not found
Native extension for WindowsStandalone target not found
Native extension for OSXStandalone target not found
Refreshing native plugins compatible for Editor in 0.74 ms, found 2 plugins.
Preloading 0 native plugins for Editor in 0.00 ms.
Mono: successfully reloaded assembly
- Completed reload, in  2.819 seconds
Domain Reload Profiling:
	ReloadAssembly (2820ms)
		BeginReloadAssembly (257ms)
			ExecutionOrderSort (0ms)
			DisableScriptedObjects (12ms)
			BackupInstance (0ms)
			ReleaseScriptingObjects (0ms)
			CreateAndSetChildDomain (69ms)
		EndReloadAssembly (2382ms)
			LoadAssemblies (264ms)
			RebuildTransferFunctionScriptingTraits (0ms)
			SetupTypeCache (792ms)
			ReleaseScriptCaches (2ms)
			RebuildScriptCaches (103ms)
			SetupLoadedEditorAssemblies (948ms)
				LogAssemblyErrors (0ms)
				InitializePlatformSupportModulesInManaged (26ms)
				SetLoadedEditorAssemblies (2ms)
				RefreshPlugins (1ms)
				BeforeProcessingInitializeOnLoad (188ms)
				ProcessInitializeOnLoadAttributes (715ms)
				ProcessInitializeOnLoadMethodAttributes (9ms)
				AfterProcessingInitializeOnLoad (7ms)
				EditorAssembliesLoaded (1ms)
			ExecutionOrderSort2 (0ms)
			AwakeInstancesAfterBackupRestoration (16ms)
Platform modules already initialized, skipping
Refreshing native plugins compatible for Editor in 0.71 ms, found 2 plugins.
Preloading 0 native plugins for Editor in 0.00 ms.
Unloading 1397 Unused Serialized files (Serialized files now loaded: 0)
System memory in use before: 68.2 MB.
System memory in use after: 68.3 MB.

Unloading 13 unused Assets to reduce memory usage. Loaded Objects now: 1867.
Total: 5.360200 ms (FindLiveObjects: 0.315900 ms CreateObjectMapping: 0.136900 ms MarkObjects: 4.872500 ms  DeleteObjects: 0.032900 ms)

AssetImportParameters requested are different than current active one (requested -> active):
  custom:framework-win-MediaFoundation: 216162199b28c13a410421893ffa2e32 -> 
  custom:video-decoder-ogg-theora: a1e56fd34408186e4bbccfd4996cb3dc -> 
  custom:container-muxer-webm: aa71ff27fc2769a1b78a27578f13a17b -> 
  custom:container-demuxer-webm: 4f35f7cbe854078d1ac9338744f61a02 -> 
  custom:container-demuxer-ogg: 62fdf1f143b41e24485cea50d1cbac27 -> 
  custom:video-encoder-webm-vp8: eb34c28f22e8b96e1ab97ce403110664 -> 
  custom:video-decoder-webm-vp8: 9c59270c3fd7afecdb556c50c9e8de78 -> 
  custom:audio-decoder-ogg-vorbis: bf7c407c2cedff20999df2af8eb42d56 -> 
  custom:audio-encoder-webm-vorbis: bf7c407c2cedff20999df2af8eb42d56 -> 
========================================================================
Received Prepare
Registering precompiled user dll's ...
Registered in 0.012693 seconds.
Begin MonoManager ReloadAssembly
Native extension for LinuxStandalone target not found
Native extension for WindowsStandalone target not found
Native extension for OSXStandalone target not found
Refreshing native plugins compatible for Editor in 0.67 ms, found 2 plugins.
Preloading 0 native plugins for Editor in 0.00 ms.
Mono: successfully reloaded assembly
- Completed reload, in  2.667 seconds
Domain Reload Profiling:
	ReloadAssembly (2669ms)
		BeginReloadAssembly (246ms)
			ExecutionOrderSort (0ms)
			DisableScriptedObjects (12ms)
			BackupInstance (0ms)
			ReleaseScriptingObjects (0ms)
			CreateAndSetChildDomain (80ms)
		EndReloadAssembly (2265ms)
			LoadAssemblies (232ms)
			RebuildTransferFunctionScriptingTraits (0ms)
			SetupTypeCache (733ms)
			ReleaseScriptCaches (1ms)
			RebuildScriptCaches (101ms)
			SetupLoadedEditorAssemblies (949ms)
				LogAssemblyErrors (0ms)
				InitializePlatformSupportModulesInManaged (19ms)
				SetLoadedEditorAssemblies (1ms)
				RefreshPlugins (1ms)
				BeforeProcessingInitializeOnLoad (189ms)
				ProcessInitializeOnLoadAttributes (722ms)
				ProcessInitializeOnLoadMethodAttributes (9ms)
				AfterProcessingInitializeOnLoad (6ms)
				EditorAssembliesLoaded (1ms)
			ExecutionOrderSort2 (0ms)
			AwakeInstancesAfterBackupRestoration (18ms)
Platform modules already initialized, skipping
Refreshing native plugins compatible for Editor in 0.55 ms, found 2 plugins.
Preloading 0 native plugins for Editor in 0.00 ms.
Unloading 1397 Unused Serialized files (Serialized files now loaded: 0)
System memory in use before: 68.2 MB.
System memory in use after: 68.3 MB.

Unloading 13 unused Assets to reduce memory usage. Loaded Objects now: 1869.
Total: 6.185500 ms (FindLiveObjects: 0.314700 ms CreateObjectMapping: 0.117500 ms MarkObjects: 5.714200 ms  DeleteObjects: 0.036700 ms)

AssetImportParameters requested are different than current active one (requested -> active):
  custom:framework-win-MediaFoundation: 216162199b28c13a410421893ffa2e32 -> 
  custom:video-decoder-ogg-theora: a1e56fd34408186e4bbccfd4996cb3dc -> 
  custom:container-muxer-webm: aa71ff27fc2769a1b78a27578f13a17b -> 
  custom:container-demuxer-webm: 4f35f7cbe854078d1ac9338744f61a02 -> 
  custom:container-demuxer-ogg: 62fdf1f143b41e24485cea50d1cbac27 -> 
  custom:video-encoder-webm-vp8: eb34c28f22e8b96e1ab97ce403110664 -> 
  custom:video-decoder-webm-vp8: 9c59270c3fd7afecdb556c50c9e8de78 -> 
  custom:audio-decoder-ogg-vorbis: bf7c407c2cedff20999df2af8eb42d56 -> 
  custom:audio-encoder-webm-vorbis: bf7c407c2cedff20999df2af8eb42d56 -> 
========================================================================
Received Import Request.
  Time since last request: 568.578799 seconds.
  path: Assets/AudioVisible/AudioVisable
  artifactKey: Guid(e04ad33f59ae8a146a543fb1d4553bce) Importer(815301076,1909f56bfc062723c751e8b465ee728b)
Start importing Assets/AudioVisible/AudioVisable using Guid(e04ad33f59ae8a146a543fb1d4553bce) Importer(815301076,1909f56bfc062723c751e8b465ee728b)  -> (artifact id: '07d6b73b9fed1f0bcff64f107f98ddf7') in 0.009532 seconds 
  Import took 0.015546 seconds .

========================================================================
Received Import Request.
  Time since last request: 0.059526 seconds.
  path: Assets/AudioVisible/AudioVisable/Post-processing Profile.asset
  artifactKey: Guid(8a9b0f59b56c8384ba638dee73013738) Importer(815301076,1909f56bfc062723c751e8b465ee728b)
Start importing Assets/AudioVisible/AudioVisable/Post-processing Profile.asset using Guid(8a9b0f59b56c8384ba638dee73013738) Importer(815301076,1909f56bfc062723c751e8b465ee728b)  -> (artifact id: '87f130a72b2799f8f9200d92e026d8e6') in 0.036623 seconds 
  Import took 0.042972 seconds .

========================================================================
Received Import Request.
  Time since last request: 0.661541 seconds.
  path: Assets/AudioVisible/AudioVisable/Res
  artifactKey: Guid(202e2bbfdf08ff94fac81b644336adf5) Importer(815301076,1909f56bfc062723c751e8b465ee728b)
Start importing Assets/AudioVisible/AudioVisable/Res using Guid(202e2bbfdf08ff94fac81b644336adf5) Importer(815301076,1909f56bfc062723c751e8b465ee728b)  -> (artifact id: 'e3e3272f1c153351891f98a2fc03be7c') in 0.011237 seconds 
  Import took 0.016141 seconds .

========================================================================
Received Import Request.
  Time since last request: 0.059770 seconds.
  path: Assets/AudioVisible/AudioVisable/Res/Group.prefab
  artifactKey: Guid(e4d6f778d6159ca438f2e46d975ba481) Importer(815301076,1909f56bfc062723c751e8b465ee728b)
Start importing Assets/AudioVisible/AudioVisable/Res/Group.prefab using Guid(e4d6f778d6159ca438f2e46d975ba481) Importer(815301076,1909f56bfc062723c751e8b465ee728b)  -> (artifact id: '7695e5de17743f33e05dbdee5d4925dd') in 0.456866 seconds 
  Import took 0.462443 seconds .

========================================================================
Received Import Request.
  Time since last request: 1.175636 seconds.
  path: Assets/AudioVisible/AudioVisable/Scenes
  artifactKey: Guid(a151cbefb7ab9104b84a70a352a3d4a1) Importer(815301076,1909f56bfc062723c751e8b465ee728b)
Start importing Assets/AudioVisible/AudioVisable/Scenes using Guid(a151cbefb7ab9104b84a70a352a3d4a1) Importer(815301076,1909f56bfc062723c751e8b465ee728b)  -> (artifact id: 'c25b4894aa08aaaaca87b2e9c92ed58c') in 0.004338 seconds 
  Import took 0.010446 seconds .

========================================================================
Received Import Request.
  Time since last request: 1.466374 seconds.
  path: Assets/AudioVisible/AudioVisable/Materials
  artifactKey: Guid(4de836343cf54674392b3c507401989a) Importer(815301076,1909f56bfc062723c751e8b465ee728b)
Start importing Assets/AudioVisible/AudioVisable/Materials using Guid(4de836343cf54674392b3c507401989a) Importer(815301076,1909f56bfc062723c751e8b465ee728b)  -> (artifact id: 'fde77c70d992028807434fd5efbb2319') in 0.016424 seconds 
  Import took 0.022482 seconds .

========================================================================
Received Import Request.
  Time since last request: 0.028908 seconds.
  path: Assets/AudioVisible/AudioVisable/Materials/line.mat
  artifactKey: Guid(5a360a6429be05e4284d0c7366332df1) Importer(815301076,1909f56bfc062723c751e8b465ee728b)
Start importing Assets/AudioVisible/AudioVisable/Materials/line.mat using Guid(5a360a6429be05e4284d0c7366332df1) Importer(815301076,1909f56bfc062723c751e8b465ee728b)  -> (artifact id: '3f0b9aec874d8a9655dbe3e0c784b994') in 0.108241 seconds 
  Import took 0.115255 seconds .

========================================================================
Received Import Request.
  Time since last request: 0.000541 seconds.
  path: Assets/AudioVisible/AudioVisable/Materials/point.mat
  artifactKey: Guid(86bbc0a76e003924ea6b291e49dea03c) Importer(815301076,1909f56bfc062723c751e8b465ee728b)
Start importing Assets/AudioVisible/AudioVisable/Materials/point.mat using Guid(86bbc0a76e003924ea6b291e49dea03c) Importer(815301076,1909f56bfc062723c751e8b465ee728b)  -> (artifact id: '446eb47e1bdf4418ee86870e276b2304') in 0.035877 seconds 
  Import took 0.041385 seconds .

========================================================================
Received Prepare
Registering precompiled user dll's ...
Registered in 0.011362 seconds.
Begin MonoManager ReloadAssembly
Native extension for LinuxStandalone target not found
Native extension for WindowsStandalone target not found
Native extension for OSXStandalone target not found
Refreshing native plugins compatible for Editor in 0.61 ms, found 2 plugins.
Preloading 0 native plugins for Editor in 0.00 ms.
Mono: successfully reloaded assembly
- Completed reload, in  3.423 seconds
Domain Reload Profiling:
	ReloadAssembly (3424ms)
		BeginReloadAssembly (294ms)
			ExecutionOrderSort (0ms)
			DisableScriptedObjects (10ms)
			BackupInstance (0ms)
			ReleaseScriptingObjects (0ms)
			CreateAndSetChildDomain (83ms)
		EndReloadAssembly (2943ms)
			LoadAssemblies (454ms)
			RebuildTransferFunctionScriptingTraits (0ms)
			SetupTypeCache (914ms)
			ReleaseScriptCaches (2ms)
			RebuildScriptCaches (122ms)
			SetupLoadedEditorAssemblies (1159ms)
				LogAssemblyErrors (0ms)
				InitializePlatformSupportModulesInManaged (20ms)
				SetLoadedEditorAssemblies (1ms)
				RefreshPlugins (1ms)
				BeforeProcessingInitializeOnLoad (202ms)
				ProcessInitializeOnLoadAttributes (912ms)
				ProcessInitializeOnLoadMethodAttributes (11ms)
				AfterProcessingInitializeOnLoad (10ms)
				EditorAssembliesLoaded (1ms)
			ExecutionOrderSort2 (8ms)
			AwakeInstancesAfterBackupRestoration (23ms)
Platform modules already initialized, skipping
Refreshing native plugins compatible for Editor in 0.59 ms, found 2 plugins.
Preloading 0 native plugins for Editor in 0.00 ms.
Unloading 1397 Unused Serialized files (Serialized files now loaded: 0)
System memory in use before: 68.5 MB.
System memory in use after: 68.6 MB.

Unloading 15 unused Assets to reduce memory usage. Loaded Objects now: 1905.
Total: 9.418000 ms (FindLiveObjects: 0.382600 ms CreateObjectMapping: 0.217900 ms MarkObjects: 8.620000 ms  DeleteObjects: 0.194200 ms)

AssetImportParameters requested are different than current active one (requested -> active):
  custom:framework-win-MediaFoundation: 216162199b28c13a410421893ffa2e32 -> 
  custom:video-decoder-ogg-theora: a1e56fd34408186e4bbccfd4996cb3dc -> 
  custom:container-muxer-webm: aa71ff27fc2769a1b78a27578f13a17b -> 
  custom:container-demuxer-webm: 4f35f7cbe854078d1ac9338744f61a02 -> 
  custom:container-demuxer-ogg: 62fdf1f143b41e24485cea50d1cbac27 -> 
  custom:video-encoder-webm-vp8: eb34c28f22e8b96e1ab97ce403110664 -> 
  custom:video-decoder-webm-vp8: 9c59270c3fd7afecdb556c50c9e8de78 -> 
  custom:audio-decoder-ogg-vorbis: bf7c407c2cedff20999df2af8eb42d56 -> 
  custom:audio-encoder-webm-vorbis: bf7c407c2cedff20999df2af8eb42d56 -> 
========================================================================
Received Prepare
Registering precompiled user dll's ...
Registered in 0.011902 seconds.
Begin MonoManager ReloadAssembly
Native extension for LinuxStandalone target not found
Native extension for WindowsStandalone target not found
Native extension for OSXStandalone target not found
Refreshing native plugins compatible for Editor in 0.54 ms, found 2 plugins.
Preloading 0 native plugins for Editor in 0.00 ms.
Mono: successfully reloaded assembly
- Completed reload, in  1.850 seconds
Domain Reload Profiling:
	ReloadAssembly (1851ms)
		BeginReloadAssembly (196ms)
			ExecutionOrderSort (0ms)
			DisableScriptedObjects (9ms)
			BackupInstance (0ms)
			ReleaseScriptingObjects (0ms)
			CreateAndSetChildDomain (54ms)
		EndReloadAssembly (1538ms)
			LoadAssemblies (175ms)
			RebuildTransferFunctionScriptingTraits (0ms)
			SetupTypeCache (526ms)
			ReleaseScriptCaches (1ms)
			RebuildScriptCaches (63ms)
			SetupLoadedEditorAssemblies (618ms)
				LogAssemblyErrors (0ms)
				InitializePlatformSupportModulesInManaged (12ms)
				SetLoadedEditorAssemblies (1ms)
				RefreshPlugins (1ms)
				BeforeProcessingInitializeOnLoad (121ms)
				ProcessInitializeOnLoadAttributes (473ms)
				ProcessInitializeOnLoadMethodAttributes (6ms)
				AfterProcessingInitializeOnLoad (4ms)
				EditorAssembliesLoaded (0ms)
			ExecutionOrderSort2 (0ms)
			AwakeInstancesAfterBackupRestoration (12ms)
Platform modules already initialized, skipping
Refreshing native plugins compatible for Editor in 0.53 ms, found 2 plugins.
Preloading 0 native plugins for Editor in 0.00 ms.
Unloading 1497 Unused Serialized files (Serialized files now loaded: 0)
System memory in use before: 75.4 MB.
System memory in use after: 73.5 MB.

Unloading 34 unused Assets to reduce memory usage. Loaded Objects now: 1986.
Total: 6.838100 ms (FindLiveObjects: 0.282900 ms CreateObjectMapping: 0.082600 ms MarkObjects: 4.299200 ms  DeleteObjects: 2.171300 ms)

AssetImportParameters requested are different than current active one (requested -> active):
  custom:framework-win-MediaFoundation: 216162199b28c13a410421893ffa2e32 -> 
  custom:video-decoder-ogg-theora: a1e56fd34408186e4bbccfd4996cb3dc -> 
  custom:container-muxer-webm: aa71ff27fc2769a1b78a27578f13a17b -> 
  custom:container-demuxer-webm: 4f35f7cbe854078d1ac9338744f61a02 -> 
  custom:container-demuxer-ogg: 62fdf1f143b41e24485cea50d1cbac27 -> 
  custom:video-encoder-webm-vp8: eb34c28f22e8b96e1ab97ce403110664 -> 
  custom:video-decoder-webm-vp8: 9c59270c3fd7afecdb556c50c9e8de78 -> 
  custom:audio-decoder-ogg-vorbis: bf7c407c2cedff20999df2af8eb42d56 -> 
  custom:audio-encoder-webm-vorbis: bf7c407c2cedff20999df2af8eb42d56 -> 
========================================================================
Received Import Request.
  Time since last request: 252.309680 seconds.
  path: Assets/AudioVisible/ParticlesSys
  artifactKey: Guid(9a129302a17652a45a81ea94f273611a) Importer(815301076,1909f56bfc062723c751e8b465ee728b)
Start importing Assets/AudioVisible/ParticlesSys using Guid(9a129302a17652a45a81ea94f273611a) Importer(815301076,1909f56bfc062723c751e8b465ee728b)  -> (artifact id: '8187f8d40d8da0108ead3f1e21bf92f3') in 0.012885 seconds 
  Import took 0.017496 seconds .

========================================================================
Received Import Request.
  Time since last request: 0.013961 seconds.
  path: Assets/AudioVisible/ParticlesSys
  artifactKey: Guid(9a129302a17652a45a81ea94f273611a) Importer(815301076,1909f56bfc062723c751e8b465ee728b)
Start importing Assets/AudioVisible/ParticlesSys using Guid(9a129302a17652a45a81ea94f273611a) Importer(815301076,1909f56bfc062723c751e8b465ee728b)  -> (artifact id: '8187f8d40d8da0108ead3f1e21bf92f3') in 0.004173 seconds 
  Import took 0.008467 seconds .

========================================================================
Received Import Request.
  Time since last request: 27.891235 seconds.
  path: Assets/PostProcessing/Utilities/CustomMotionTexture/CustomMotionVectorDebugProfile.asset
  artifactKey: Guid(d982e879ff67b4d3fb6522d08c3cd5af) Importer(815301076,1909f56bfc062723c751e8b465ee728b)
Start importing Assets/PostProcessing/Utilities/CustomMotionTexture/CustomMotionVectorDebugProfile.asset using Guid(d982e879ff67b4d3fb6522d08c3cd5af) Importer(815301076,1909f56bfc062723c751e8b465ee728b)  -> (artifact id: '91256cfb1a76976b726f4c37a34ebd12') in 0.053576 seconds 
  Import took 0.060302 seconds .

========================================================================
Received Import Request.
  Time since last request: 0.029149 seconds.
  path: Assets/PostProcessing/Utilities/CustomMotionTexture/CustomMotionVectorDebugProfile.asset
  artifactKey: Guid(d982e879ff67b4d3fb6522d08c3cd5af) Importer(815301076,1909f56bfc062723c751e8b465ee728b)
Start importing Assets/PostProcessing/Utilities/CustomMotionTexture/CustomMotionVectorDebugProfile.asset using Guid(d982e879ff67b4d3fb6522d08c3cd5af) Importer(815301076,1909f56bfc062723c751e8b465ee728b)  -> (artifact id: '91256cfb1a76976b726f4c37a34ebd12') in 0.005506 seconds 
  Import took 0.011027 seconds .

========================================================================
Received Prepare
Registering precompiled user dll's ...
Registered in 0.011545 seconds.
Begin MonoManager ReloadAssembly
Native extension for LinuxStandalone target not found
Native extension for WindowsStandalone target not found
Native extension for OSXStandalone target not found
Refreshing native plugins compatible for Editor in 0.67 ms, found 2 plugins.
Preloading 0 native plugins for Editor in 0.00 ms.
Mono: successfully reloaded assembly
- Completed reload, in  2.772 seconds
Domain Reload Profiling:
	ReloadAssembly (2773ms)
		BeginReloadAssembly (237ms)
			ExecutionOrderSort (0ms)
			DisableScriptedObjects (10ms)
			BackupInstance (0ms)
			ReleaseScriptingObjects (0ms)
			CreateAndSetChildDomain (75ms)
		EndReloadAssembly (2335ms)
			LoadAssemblies (233ms)
			RebuildTransferFunctionScriptingTraits (0ms)
			SetupTypeCache (722ms)
			ReleaseScriptCaches (2ms)
			RebuildScriptCaches (106ms)
			SetupLoadedEditorAssemblies (999ms)
				LogAssemblyErrors (0ms)
				InitializePlatformSupportModulesInManaged (19ms)
				SetLoadedEditorAssemblies (1ms)
				RefreshPlugins (1ms)
				BeforeProcessingInitializeOnLoad (181ms)
				ProcessInitializeOnLoadAttributes (779ms)
				ProcessInitializeOnLoadMethodAttributes (8ms)
				AfterProcessingInitializeOnLoad (9ms)
				EditorAssembliesLoaded (1ms)
			ExecutionOrderSort2 (0ms)
			AwakeInstancesAfterBackupRestoration (21ms)
Platform modules already initialized, skipping
Refreshing native plugins compatible for Editor in 0.63 ms, found 2 plugins.
Preloading 0 native plugins for Editor in 0.00 ms.
Unloading 1496 Unused Serialized files (Serialized files now loaded: 0)
System memory in use before: 75.3 MB.
System memory in use after: 73.3 MB.

Unloading 34 unused Assets to reduce memory usage. Loaded Objects now: 1988.
Total: 6.881500 ms (FindLiveObjects: 0.282300 ms CreateObjectMapping: 0.088800 ms MarkObjects: 5.065900 ms  DeleteObjects: 1.442700 ms)

AssetImportParameters requested are different than current active one (requested -> active):
  custom:framework-win-MediaFoundation: 216162199b28c13a410421893ffa2e32 -> 
  custom:video-decoder-ogg-theora: a1e56fd34408186e4bbccfd4996cb3dc -> 
  custom:container-muxer-webm: aa71ff27fc2769a1b78a27578f13a17b -> 
  custom:container-demuxer-webm: 4f35f7cbe854078d1ac9338744f61a02 -> 
  custom:container-demuxer-ogg: 62fdf1f143b41e24485cea50d1cbac27 -> 
  custom:video-encoder-webm-vp8: eb34c28f22e8b96e1ab97ce403110664 -> 
  custom:video-decoder-webm-vp8: 9c59270c3fd7afecdb556c50c9e8de78 -> 
  custom:audio-decoder-ogg-vorbis: bf7c407c2cedff20999df2af8eb42d56 -> 
  custom:audio-encoder-webm-vorbis: bf7c407c2cedff20999df2af8eb42d56 -> 
========================================================================
Received Import Request.
  Time since last request: 109.475151 seconds.
  path: Assets/PostProcessing/Utilities/CustomMotionTexture/The Piano.png
  artifactKey: Guid(585ac3df7fb3efa4aadfa71adbe236cd) Importer(815301076,1909f56bfc062723c751e8b465ee728b)
Start importing Assets/PostProcessing/Utilities/CustomMotionTexture/The Piano.png using Guid(585ac3df7fb3efa4aadfa71adbe236cd) Importer(815301076,1909f56bfc062723c751e8b465ee728b)  -> (artifact id: '6cce8222675309a24bfccc05f49347be') in 0.149803 seconds 
  Import took 0.155265 seconds .

========================================================================
Received Import Request.
  Time since last request: 0.005798 seconds.
  path: Assets/PostProcessing/Utilities/CustomMotionTexture/The Piano.png
  artifactKey: Guid(585ac3df7fb3efa4aadfa71adbe236cd) Importer(815301076,1909f56bfc062723c751e8b465ee728b)
Start importing Assets/PostProcessing/Utilities/CustomMotionTexture/The Piano.png using Guid(585ac3df7fb3efa4aadfa71adbe236cd) Importer(815301076,1909f56bfc062723c751e8b465ee728b)  -> (artifact id: '6cce8222675309a24bfccc05f49347be') in 0.034328 seconds 
  Import took 0.040728 seconds .

========================================================================
Received Import Request.
  Time since last request: 10.378545 seconds.
  path: Assets/PostProcessing/Utilities/CustomMotionTexture/The Piano.png
  artifactKey: Guid(585ac3df7fb3efa4aadfa71adbe236cd) Importer(815301076,1909f56bfc062723c751e8b465ee728b)
Start importing Assets/PostProcessing/Utilities/CustomMotionTexture/The Piano.png using Guid(585ac3df7fb3efa4aadfa71adbe236cd) Importer(815301076,1909f56bfc062723c751e8b465ee728b)  -> (artifact id: 'df2ee636d0c12a24a5779bc8bbdc91cb') in 0.073216 seconds 
  Import took 0.081154 seconds .

========================================================================
Received Import Request.
  Time since last request: 0.007878 seconds.
  path: Assets/PostProcessing/Utilities/CustomMotionTexture/The Piano.png
  artifactKey: Guid(585ac3df7fb3efa4aadfa71adbe236cd) Importer(815301076,1909f56bfc062723c751e8b465ee728b)
Start importing Assets/PostProcessing/Utilities/CustomMotionTexture/The Piano.png using Guid(585ac3df7fb3efa4aadfa71adbe236cd) Importer(815301076,1909f56bfc062723c751e8b465ee728b)  -> (artifact id: 'df2ee636d0c12a24a5779bc8bbdc91cb') in 0.036660 seconds 
  Import took 0.041945 seconds .

========================================================================
Received Import Request.
  Time since last request: 29.884856 seconds.
  path: Assets/AudioVisible/ParticlesSys/flower.mat
  artifactKey: Guid(c95c70d8e7b8cdd45af1a3d3a19a5c7c) Importer(815301076,1909f56bfc062723c751e8b465ee728b)
Start importing Assets/AudioVisible/ParticlesSys/flower.mat using Guid(c95c70d8e7b8cdd45af1a3d3a19a5c7c) Importer(815301076,1909f56bfc062723c751e8b465ee728b)  -> (artifact id: '88bfa0f896e87c4db8e0e2d7b585d727') in 0.136002 seconds 
  Import took 0.142844 seconds .

========================================================================
Received Import Request.
  Time since last request: 0.000482 seconds.
  path: Assets/AudioVisible/ParticlesSys/SnowSprite.prefab
  artifactKey: Guid(a8777e719597d7b46bd53c3c80a4e27c) Importer(815301076,1909f56bfc062723c751e8b465ee728b)
Start importing Assets/AudioVisible/ParticlesSys/SnowSprite.prefab using Guid(a8777e719597d7b46bd53c3c80a4e27c) Importer(815301076,1909f56bfc062723c751e8b465ee728b)  -> (artifact id: '45c163987f50c4d90d1b34b338e563ca') in 0.211817 seconds 
  Import took 0.218387 seconds .

========================================================================
Received Import Request.
  Time since last request: 0.901048 seconds.
  path: Assets/AudioVisible/ParticlesSys/Tex
  artifactKey: Guid(dfd1a3920ef8ba74fa364960ccee4d5d) Importer(815301076,1909f56bfc062723c751e8b465ee728b)
Start importing Assets/AudioVisible/ParticlesSys/Tex using Guid(dfd1a3920ef8ba74fa364960ccee4d5d) Importer(815301076,1909f56bfc062723c751e8b465ee728b)  -> (artifact id: 'ee13d0e319820832a16554634fdeeba8') in 0.014866 seconds 
  Import took 0.020306 seconds .

========================================================================
Received Import Request.
  Time since last request: 0.006465 seconds.
  path: Assets/AudioVisible/ParticlesSys/Tex
  artifactKey: Guid(dfd1a3920ef8ba74fa364960ccee4d5d) Importer(815301076,1909f56bfc062723c751e8b465ee728b)
Start importing Assets/AudioVisible/ParticlesSys/Tex using Guid(dfd1a3920ef8ba74fa364960ccee4d5d) Importer(815301076,1909f56bfc062723c751e8b465ee728b)  -> (artifact id: 'ee13d0e319820832a16554634fdeeba8') in 0.004446 seconds 
  Import took 0.012021 seconds .

========================================================================
Received Import Request.
  Time since last request: 0.085625 seconds.
  path: Assets/AudioVisible/ParticlesSys/Tex/Flower.png
  artifactKey: Guid(667da7bb12a77834e9966c87495880c0) Importer(815301076,1909f56bfc062723c751e8b465ee728b)
Start importing Assets/AudioVisible/ParticlesSys/Tex/Flower.png using Guid(667da7bb12a77834e9966c87495880c0) Importer(815301076,1909f56bfc062723c751e8b465ee728b)  -> (artifact id: '96be180690780b2f168e0b19b9dc7db2') in 0.042081 seconds 
  Import took 0.048668 seconds .

========================================================================
Received Import Request.
  Time since last request: 0.000457 seconds.
  path: Assets/AudioVisible/ParticlesSys/Tex/huaban.png
  artifactKey: Guid(63b9e99c9b543f34b8b8c77c86707f85) Importer(815301076,1909f56bfc062723c751e8b465ee728b)
Start importing Assets/AudioVisible/ParticlesSys/Tex/huaban.png using Guid(63b9e99c9b543f34b8b8c77c86707f85) Importer(815301076,1909f56bfc062723c751e8b465ee728b)  -> (artifact id: 'c833e3542a02243291e7b086f9a7fa57') in 0.085482 seconds 
  Import took 0.093683 seconds .

========================================================================
Received Import Request.
  Time since last request: 0.008620 seconds.
  path: Assets/AudioVisible/ParticlesSys/Tex/huaban.png
  artifactKey: Guid(63b9e99c9b543f34b8b8c77c86707f85) Importer(815301076,1909f56bfc062723c751e8b465ee728b)
Start importing Assets/AudioVisible/ParticlesSys/Tex/huaban.png using Guid(63b9e99c9b543f34b8b8c77c86707f85) Importer(815301076,1909f56bfc062723c751e8b465ee728b)  -> (artifact id: 'c833e3542a02243291e7b086f9a7fa57') in 0.057605 seconds 
  Import took 0.064084 seconds .

========================================================================
Received Import Request.
  Time since last request: 1.002711 seconds.
  path: Assets/AudioVisible/ParticlesSys/Particals.unity
  artifactKey: Guid(4e36f9766cc6c07428644cecd6312def) Importer(815301076,1909f56bfc062723c751e8b465ee728b)
Start importing Assets/AudioVisible/ParticlesSys/Particals.unity using Guid(4e36f9766cc6c07428644cecd6312def) Importer(815301076,1909f56bfc062723c751e8b465ee728b)  -> (artifact id: '258622c26ff7c67ebd0968471e838311') in 0.015688 seconds 
  Import took 0.020799 seconds .

========================================================================
Received Import Request.
  Time since last request: 0.007903 seconds.
  path: Assets/AudioVisible/ParticlesSys/Particals.unity
  artifactKey: Guid(4e36f9766cc6c07428644cecd6312def) Importer(815301076,1909f56bfc062723c751e8b465ee728b)
Start importing Assets/AudioVisible/ParticlesSys/Particals.unity using Guid(4e36f9766cc6c07428644cecd6312def) Importer(815301076,1909f56bfc062723c751e8b465ee728b)  -> (artifact id: '258622c26ff7c67ebd0968471e838311') in 0.005344 seconds 
  Import took 0.013110 seconds .

========================================================================
Received Import Request.
  Time since last request: 27.251812 seconds.
  path: Assets/AudioVisible/AudioVisable/Scenes/AudioVisibleDemo.unity
  artifactKey: Guid(cc4ec618b3d95a54fa882f523d2af79d) Importer(815301076,1909f56bfc062723c751e8b465ee728b)
Start importing Assets/AudioVisible/AudioVisable/Scenes/AudioVisibleDemo.unity using Guid(cc4ec618b3d95a54fa882f523d2af79d) Importer(815301076,1909f56bfc062723c751e8b465ee728b)  -> (artifact id: 'c526406789c591f32aa5adc21c67d40a') in 0.012759 seconds 
  Import took 0.017655 seconds .

========================================================================
Received Prepare
Registering precompiled user dll's ...
Registered in 0.012133 seconds.
Begin MonoManager ReloadAssembly
Native extension for LinuxStandalone target not found
Native extension for WindowsStandalone target not found
Native extension for OSXStandalone target not found
Refreshing native plugins compatible for Editor in 0.58 ms, found 2 plugins.
Preloading 0 native plugins for Editor in 0.00 ms.
Mono: successfully reloaded assembly
- Completed reload, in  1.991 seconds
Domain Reload Profiling:
	ReloadAssembly (1992ms)
		BeginReloadAssembly (182ms)
			ExecutionOrderSort (0ms)
			DisableScriptedObjects (7ms)
			BackupInstance (0ms)
			ReleaseScriptingObjects (0ms)
			CreateAndSetChildDomain (58ms)
		EndReloadAssembly (1695ms)
			LoadAssemblies (176ms)
			RebuildTransferFunctionScriptingTraits (0ms)
			SetupTypeCache (516ms)
			ReleaseScriptCaches (2ms)
			RebuildScriptCaches (77ms)
			SetupLoadedEditorAssemblies (728ms)
				LogAssemblyErrors (0ms)
				InitializePlatformSupportModulesInManaged (13ms)
				SetLoadedEditorAssemblies (1ms)
				RefreshPlugins (1ms)
				BeforeProcessingInitializeOnLoad (127ms)
				ProcessInitializeOnLoadAttributes (570ms)
				ProcessInitializeOnLoadMethodAttributes (7ms)
				AfterProcessingInitializeOnLoad (9ms)
				EditorAssembliesLoaded (1ms)
			ExecutionOrderSort2 (0ms)
			AwakeInstancesAfterBackupRestoration (15ms)
Platform modules already initialized, skipping
Refreshing native plugins compatible for Editor in 0.67 ms, found 2 plugins.
Preloading 0 native plugins for Editor in 0.00 ms.
Unloading 1496 Unused Serialized files (Serialized files now loaded: 0)
System memory in use before: 75.3 MB.
System memory in use after: 73.4 MB.

Unloading 34 unused Assets to reduce memory usage. Loaded Objects now: 2004.
Total: 6.588900 ms (FindLiveObjects: 0.264000 ms CreateObjectMapping: 0.087300 ms MarkObjects: 4.958800 ms  DeleteObjects: 1.277000 ms)

AssetImportParameters requested are different than current active one (requested -> active):
  custom:framework-win-MediaFoundation: 216162199b28c13a410421893ffa2e32 -> 
  custom:video-decoder-ogg-theora: a1e56fd34408186e4bbccfd4996cb3dc -> 
  custom:container-muxer-webm: aa71ff27fc2769a1b78a27578f13a17b -> 
  custom:container-demuxer-webm: 4f35f7cbe854078d1ac9338744f61a02 -> 
  custom:container-demuxer-ogg: 62fdf1f143b41e24485cea50d1cbac27 -> 
  custom:video-encoder-webm-vp8: eb34c28f22e8b96e1ab97ce403110664 -> 
  custom:video-decoder-webm-vp8: 9c59270c3fd7afecdb556c50c9e8de78 -> 
  custom:audio-decoder-ogg-vorbis: bf7c407c2cedff20999df2af8eb42d56 -> 
  custom:audio-encoder-webm-vorbis: bf7c407c2cedff20999df2af8eb42d56 -> 
========================================================================
Received Import Request.
  Time since last request: 17.381605 seconds.
  path: Assets
  artifactKey: Guid(00000000000000001000000000000000) Importer(815301076,1909f56bfc062723c751e8b465ee728b)
Start importing Assets using Guid(00000000000000001000000000000000) Importer(815301076,1909f56bfc062723c751e8b465ee728b)  -> (artifact id: '42d402b061de3733987d63b9cc3b64de') in 0.019674 seconds 
  Import took 0.023843 seconds .

========================================================================
Received Import Request.
  Time since last request: 4.624618 seconds.
  path: Assets/Post.asset
  artifactKey: Guid(752adea9e71bec7489555a9538abcac5) Importer(815301076,1909f56bfc062723c751e8b465ee728b)
Start importing Assets/Post.asset using Guid(752adea9e71bec7489555a9538abcac5) Importer(815301076,1909f56bfc062723c751e8b465ee728b)  -> (artifact id: '6ce1834c8025e77ce0b76084d785bb87') in 0.043028 seconds 
  Import took 0.047996 seconds .

========================================================================
Received Import Request.
  Time since last request: 0.015450 seconds.
  path: Assets/Post.asset
  artifactKey: Guid(752adea9e71bec7489555a9538abcac5) Importer(815301076,1909f56bfc062723c751e8b465ee728b)
Start importing Assets/Post.asset using Guid(752adea9e71bec7489555a9538abcac5) Importer(815301076,1909f56bfc062723c751e8b465ee728b)  -> (artifact id: '6ce1834c8025e77ce0b76084d785bb87') in 0.004869 seconds 
  Import took 0.010401 seconds .

========================================================================
Received Prepare
Registering precompiled user dll's ...
Registered in 0.013135 seconds.
Begin MonoManager ReloadAssembly
Native extension for LinuxStandalone target not found
Native extension for WindowsStandalone target not found
Native extension for OSXStandalone target not found
Refreshing native plugins compatible for Editor in 0.58 ms, found 2 plugins.
Preloading 0 native plugins for Editor in 0.00 ms.
Mono: successfully reloaded assembly
- Completed reload, in  2.457 seconds
Domain Reload Profiling:
	ReloadAssembly (2458ms)
		BeginReloadAssembly (286ms)
			ExecutionOrderSort (0ms)
			DisableScriptedObjects (16ms)
			BackupInstance (0ms)
			ReleaseScriptingObjects (0ms)
			CreateAndSetChildDomain (87ms)
		EndReloadAssembly (2002ms)
			LoadAssemblies (255ms)
			RebuildTransferFunctionScriptingTraits (0ms)
			SetupTypeCache (598ms)
			ReleaseScriptCaches (1ms)
			RebuildScriptCaches (92ms)
			SetupLoadedEditorAssemblies (847ms)
				LogAssemblyErrors (0ms)
				InitializePlatformSupportModulesInManaged (16ms)
				SetLoadedEditorAssemblies (1ms)
				RefreshPlugins (1ms)
				BeforeProcessingInitializeOnLoad (155ms)
				ProcessInitializeOnLoadAttributes (652ms)
				ProcessInitializeOnLoadMethodAttributes (10ms)
				AfterProcessingInitializeOnLoad (11ms)
				EditorAssembliesLoaded (1ms)
			ExecutionOrderSort2 (0ms)
			AwakeInstancesAfterBackupRestoration (22ms)
Platform modules already initialized, skipping
Refreshing native plugins compatible for Editor in 0.68 ms, found 2 plugins.
Preloading 0 native plugins for Editor in 0.00 ms.
Unloading 1496 Unused Serialized files (Serialized files now loaded: 0)
System memory in use before: 75.4 MB.
System memory in use after: 73.4 MB.

Unloading 34 unused Assets to reduce memory usage. Loaded Objects now: 2006.
Total: 7.667100 ms (FindLiveObjects: 0.274500 ms CreateObjectMapping: 0.120200 ms MarkObjects: 5.858100 ms  DeleteObjects: 1.411600 ms)

AssetImportParameters requested are different than current active one (requested -> active):
  custom:framework-win-MediaFoundation: 216162199b28c13a410421893ffa2e32 -> 
  custom:video-decoder-ogg-theora: a1e56fd34408186e4bbccfd4996cb3dc -> 
  custom:container-muxer-webm: aa71ff27fc2769a1b78a27578f13a17b -> 
  custom:container-demuxer-webm: 4f35f7cbe854078d1ac9338744f61a02 -> 
  custom:container-demuxer-ogg: 62fdf1f143b41e24485cea50d1cbac27 -> 
  custom:video-encoder-webm-vp8: eb34c28f22e8b96e1ab97ce403110664 -> 
  custom:video-decoder-webm-vp8: 9c59270c3fd7afecdb556c50c9e8de78 -> 
  custom:audio-decoder-ogg-vorbis: bf7c407c2cedff20999df2af8eb42d56 -> 
  custom:audio-encoder-webm-vorbis: bf7c407c2cedff20999df2af8eb42d56 -> 
========================================================================
Received Import Request.
  Time since last request: 256.648474 seconds.
  path: Assets/Post.asset
  artifactKey: Guid(752adea9e71bec7489555a9538abcac5) Importer(815301076,1909f56bfc062723c751e8b465ee728b)
Start importing Assets/Post.asset using Guid(752adea9e71bec7489555a9538abcac5) Importer(815301076,1909f56bfc062723c751e8b465ee728b)  -> (artifact id: 'd36e51b84f6890e12bf3b40848a03350') in 0.057297 seconds 
  Import took 0.063509 seconds .

========================================================================
Received Import Request.
  Time since last request: 8.593400 seconds.
  path: Assets/Music
  artifactKey: Guid(fa5cab4740321fe4b95602663e14ee6f) Importer(815301076,1909f56bfc062723c751e8b465ee728b)
Start importing Assets/Music using Guid(fa5cab4740321fe4b95602663e14ee6f) Importer(815301076,1909f56bfc062723c751e8b465ee728b)  -> (artifact id: '189f737ae7a6ff9eb1e44b57facdc142') in 0.010721 seconds 
  Import took 0.017057 seconds .

========================================================================
Received Import Request.
  Time since last request: 16.864276 seconds.
  path: Assets/PostProcessing
  artifactKey: Guid(5c41223b35d590a4a905a547d28f7836) Importer(815301076,1909f56bfc062723c751e8b465ee728b)
Start importing Assets/PostProcessing using Guid(5c41223b35d590a4a905a547d28f7836) Importer(815301076,1909f56bfc062723c751e8b465ee728b)  -> (artifact id: '11b13a4b35d40f52783504bea653af23') in 0.008139 seconds 
  Import took 0.011857 seconds .

AssetImportWorkerClient::OnTransportError - code=2 error=End of file
